build/app/intermediates/manifest_merge_blame_file/release/manifest-merger-blame-release-report.txt
1<?xml version="1.0" encoding="utf-8"?>
2<manifest xmlns:android="http://schemas.android.com/apk/res/android"
3    package="com.example.metaldetector"
4    android:versionCode="1"
5    android:versionName="1.0.0" >
6
7    <uses-sdk
8        android:minSdkVersion="19"
8-->src\main\AndroidManifest.xml
9        android:targetSdkVersion="33" />
9-->src\main\AndroidManifest.xml
10    <!--
11         Required to query activities that can process text, see:
12         https://developer.android.com/training/package-visibility?hl=en and
13         https://developer.android.com/reference/android/content/Intent#ACTION_PROCESS_TEXT.
14
15         In particular, this is used by the Flutter engine in io.flutter.plugin.text.ProcessTextPlugin.
16    -->
17    <queries>
17-->src\main\AndroidManifest.xml:38:5-43:15
18        <intent>
18-->src\main\AndroidManifest.xml:39:9-42:18
19            <action android:name="android.intent.action.PROCESS_TEXT" />
19-->src\main\AndroidManifest.xml:40:13-72
19-->src\main\AndroidManifest.xml:40:21-70
20
21            <data android:mimeType="text/plain" />
21-->src\main\AndroidManifest.xml:41:13-50
21-->src\main\AndroidManifest.xml:41:19-48
22        </intent>
23    </queries>
24
25    <uses-permission android:name="android.permission.WRITE_EXTERNAL_STORAGE" />
26    <uses-permission android:name="android.permission.READ_PHONE_STATE" />
27    <uses-permission android:name="android.permission.READ_EXTERNAL_STORAGE" />
28
29    <permission
29-->[androidx.core:core:1.10.1] AndroidManifest.xml:22:5-24:47
30        android:name="com.example.metaldetector.DYNAMIC_RECEIVER_NOT_EXPORTED_PERMISSION"
30-->[androidx.core:core:1.10.1] AndroidManifest.xml:23:9-81
31        android:protectionLevel="signature" />
31-->[androidx.core:core:1.10.1] AndroidManifest.xml:24:9-44
32
33    <uses-permission android:name="com.example.metaldetector.DYNAMIC_RECEIVER_NOT_EXPORTED_PERMISSION" />
33-->[androidx.core:core:1.10.1] AndroidManifest.xml:26:5-97
33-->[androidx.core:core:1.10.1] AndroidManifest.xml:26:22-94
34
35    <application
36        android:name="android.app.Application"
36-->src\main\AndroidManifest.xml:4:9-42
37        android:appComponentFactory="androidx.core.app.CoreComponentFactory"
37-->[androidx.core:core:1.10.1] AndroidManifest.xml:28:18-86
38        android:icon="@mipmap/ic_launcher"
38-->src\main\AndroidManifest.xml:5:9-43
39        android:label="metaldetector" >
39-->src\main\AndroidManifest.xml:3:9-38
40        <activity
40-->src\main\AndroidManifest.xml:6:9-26:20
41            android:name="com.example.metaldetector.MainActivity"
41-->src\main\AndroidManifest.xml:7:13-41
42            android:configChanges="orientation|keyboardHidden|keyboard|screenSize|smallestScreenSize|locale|layoutDirection|fontScale|screenLayout|density|uiMode"
42-->src\main\AndroidManifest.xml:11:13-163
43            android:exported="true"
43-->src\main\AndroidManifest.xml:8:13-36
44            android:hardwareAccelerated="true"
44-->src\main\AndroidManifest.xml:12:13-47
45            android:launchMode="singleTop"
45-->src\main\AndroidManifest.xml:9:13-43
46            android:theme="@style/LaunchTheme"
46-->src\main\AndroidManifest.xml:10:13-47
47            android:windowSoftInputMode="adjustResize" >
47-->src\main\AndroidManifest.xml:13:13-55
48
49            <!--
50                 Specifies an Android theme to apply to this Activity as soon as
51                 the Android process has started. This theme is visible to the user
52                 while the Flutter UI initializes. After that, this theme continues
53                 to determine the Window background behind the Flutter UI.
54            -->
55            <meta-data
55-->src\main\AndroidManifest.xml:18:13-21:17
56                android:name="io.flutter.embedding.android.NormalTheme"
56-->src\main\AndroidManifest.xml:19:15-70
57                android:resource="@style/NormalTheme" />
57-->src\main\AndroidManifest.xml:20:15-52
58
59            <intent-filter>
59-->src\main\AndroidManifest.xml:22:13-25:29
60                <action android:name="android.intent.action.MAIN" />
60-->src\main\AndroidManifest.xml:23:17-68
60-->src\main\AndroidManifest.xml:23:25-66
61
62                <category android:name="android.intent.category.LAUNCHER" />
62-->src\main\AndroidManifest.xml:24:17-76
62-->src\main\AndroidManifest.xml:24:27-74
63            </intent-filter>
64        </activity>
65        <!--
66             Don't delete the meta-data below.
67             This is used by the Flutter tool to generate GeneratedPluginRegistrant.java
68        -->
69        <meta-data
69-->src\main\AndroidManifest.xml:29:9-31:33
70            android:name="flutterEmbedding"
70-->src\main\AndroidManifest.xml:30:13-44
71            android:value="2" />
71-->src\main\AndroidManifest.xml:31:13-30
72        <!--
73           Declares a provider which allows us to store files to share in
74           '.../caches/share_plus' and grant the receiving action access
75        -->
76        <provider
76-->[:share_plus] AndroidManifest.xml:15:9-23:20
77            android:name="dev.fluttercommunity.plus.share.ShareFileProvider"
77-->[:share_plus] AndroidManifest.xml:16:13-77
78            android:authorities="com.example.metaldetector.flutter.share_provider"
78-->[:share_plus] AndroidManifest.xml:17:13-74
79            android:exported="false"
79-->[:share_plus] AndroidManifest.xml:18:13-37
80            android:grantUriPermissions="true" >
80-->[:share_plus] AndroidManifest.xml:19:13-47
81            <meta-data
81-->[:share_plus] AndroidManifest.xml:20:13-22:68
82                android:name="android.support.FILE_PROVIDER_PATHS"
82-->[:share_plus] AndroidManifest.xml:21:17-67
83                android:resource="@xml/flutter_share_file_paths" />
83-->[:share_plus] AndroidManifest.xml:22:17-65
84        </provider>
85        <!--
86           This manifest declared broadcast receiver allows us to use an explicit
87           Intent when creating a PendingItent to be informed of the user's choice
88        -->
89        <receiver
89-->[:share_plus] AndroidManifest.xml:28:9-34:20
90            android:name="dev.fluttercommunity.plus.share.SharePlusPendingIntent"
90-->[:share_plus] AndroidManifest.xml:29:13-82
91            android:exported="false" >
91-->[:share_plus] AndroidManifest.xml:30:13-37
92            <intent-filter>
92-->[:share_plus] AndroidManifest.xml:31:13-33:29
93                <action android:name="EXTRA_CHOSEN_COMPONENT" />
93-->[:share_plus] AndroidManifest.xml:32:17-65
93-->[:share_plus] AndroidManifest.xml:32:25-62
94            </intent-filter>
95        </receiver>
96
97        <activity
97-->[:url_launcher_android] AndroidManifest.xml:10:9-13:74
98            android:name="io.flutter.plugins.urllauncher.WebViewActivity"
98-->[:url_launcher_android] AndroidManifest.xml:11:13-74
99            android:exported="false"
99-->[:url_launcher_android] AndroidManifest.xml:12:13-37
100            android:theme="@android:style/Theme.NoTitleBar.Fullscreen" />
100-->[:url_launcher_android] AndroidManifest.xml:13:13-71
101
102        <uses-library
102-->[androidx.window:window:1.0.0-beta04] AndroidManifest.xml:25:9-27:40
103            android:name="androidx.window.extensions"
103-->[androidx.window:window:1.0.0-beta04] AndroidManifest.xml:26:13-54
104            android:required="false" />
104-->[androidx.window:window:1.0.0-beta04] AndroidManifest.xml:27:13-37
105        <uses-library
105-->[androidx.window:window:1.0.0-beta04] AndroidManifest.xml:28:9-30:40
106            android:name="androidx.window.sidecar"
106-->[androidx.window:window:1.0.0-beta04] AndroidManifest.xml:29:13-51
107            android:required="false" />
107-->[androidx.window:window:1.0.0-beta04] AndroidManifest.xml:30:13-37
108
109        <meta-data
109-->[com.google.android.gms:play-services-basement:18.1.0] AndroidManifest.xml:21:9-23:69
110            android:name="com.google.android.gms.version"
110-->[com.google.android.gms:play-services-basement:18.1.0] AndroidManifest.xml:22:13-58
111            android:value="@integer/google_play_services_version" /> <!-- The activities will be merged into the manifest of the hosting app. -->
111-->[com.google.android.gms:play-services-basement:18.1.0] AndroidManifest.xml:23:13-66
112        <activity
112-->[com.google.android.play:core-common:2.0.2] AndroidManifest.xml:14:9-18:65
113            android:name="com.google.android.play.core.common.PlayCoreDialogWrapperActivity"
113-->[com.google.android.play:core-common:2.0.2] AndroidManifest.xml:15:13-93
114            android:exported="false"
114-->[com.google.android.play:core-common:2.0.2] AndroidManifest.xml:16:13-37
115            android:stateNotNeeded="true"
115-->[com.google.android.play:core-common:2.0.2] AndroidManifest.xml:17:13-42
116            android:theme="@style/Theme.PlayCore.Transparent" />
116-->[com.google.android.play:core-common:2.0.2] AndroidManifest.xml:18:13-62
117    </application>
118
119</manifest>